<?xml version="1.0" encoding="UTF-8"?>
<!-- Generated by org.testng.reporters.JUnitXMLReporter -->
<testsuite ignored="0" hostname="LAPTOP-HQ0VKINH" failures="0" tests="3" name="Default test" time="0.896" errors="0" timestamp="01 Dec 2019 20:07:19 GMT">
  <testcase classname="dataDriven.excelDataProvider.dataProvider" name="testCaseData" time="0.018"/>
  <testcase classname="dataDriven.excelDataProvider.dataProvider" name="testCaseData" time="0.001"/>
  <testcase classname="dataDriven.excelDataProvider.dataProvider" name="testCaseData" time="0.004"/>
</testsuite> <!-- Default test -->
