<?xml version="1.0" encoding="UTF-8"?>
<testng-results ignored="0" total="3" passed="3" failed="0" skipped="0">
  <reporter-output>
  </reporter-output>
  <suite started-at="2019-12-01T20:07:18Z" name="Default suite" finished-at="2019-12-01T20:07:19Z" duration-ms="896">
    <groups>
    </groups>
    <test started-at="2019-12-01T20:07:18Z" name="Default test" finished-at="2019-12-01T20:07:19Z" duration-ms="896">
      <class name="dataDriven.excelDataProvider.dataProvider">
        <test-method signature="testCaseData(java.lang.String, java.lang.String, java.lang.String)[pri:0, instance:dataDriven.excelDataProvider.dataProvider@68e965f5]" started-at="2019-12-01T20:07:19Z" name="testCaseData" data-provider="driveTest" finished-at="2019-12-01T20:07:19Z" duration-ms="18" status="PASS">
          <params>
            <param index="0">
              <value>
                <![CDATA[hello1]]>
              </value>
            </param>
            <param index="1">
              <value>
                <![CDATA[hello2]]>
              </value>
            </param>
            <param index="2">
              <value>
                <![CDATA[text1]]>
              </value>
            </param>
          </params>
          <reporter-output>
          </reporter-output>
        </test-method> <!-- testCaseData -->
        <test-method signature="testCaseData(java.lang.String, java.lang.String, java.lang.String)[pri:0, instance:dataDriven.excelDataProvider.dataProvider@68e965f5]" started-at="2019-12-01T20:07:19Z" name="testCaseData" data-provider="driveTest" finished-at="2019-12-01T20:07:19Z" duration-ms="1" status="PASS">
          <params>
            <param index="0">
              <value>
                <![CDATA[hello1]]>
              </value>
            </param>
            <param index="1">
              <value>
                <![CDATA[hello2]]>
              </value>
            </param>
            <param index="2">
              <value>
                <![CDATA[text1]]>
              </value>
            </param>
          </params>
          <reporter-output>
          </reporter-output>
        </test-method> <!-- testCaseData -->
        <test-method signature="testCaseData(java.lang.String, java.lang.String, java.lang.String)[pri:0, instance:dataDriven.excelDataProvider.dataProvider@68e965f5]" started-at="2019-12-01T20:07:19Z" name="testCaseData" data-provider="driveTest" finished-at="2019-12-01T20:07:19Z" duration-ms="4" status="PASS">
          <params>
            <param index="0">
              <value>
                <![CDATA[hello1]]>
              </value>
            </param>
            <param index="1">
              <value>
                <![CDATA[hello2]]>
              </value>
            </param>
            <param index="2">
              <value>
                <![CDATA[text1]]>
              </value>
            </param>
          </params>
          <reporter-output>
          </reporter-output>
        </test-method> <!-- testCaseData -->
      </class> <!-- dataDriven.excelDataProvider.dataProvider -->
    </test> <!-- Default test -->
  </suite> <!-- Default suite -->
</testng-results>
